1488048783598	geckodriver	INFO	Listening on 127.0.0.1:12489
1488048785623	mozprofile::profile	INFO	Using profile path C:\Users\meteo\AppData\Local\Temp\rust_mozprofile.OjrNCkplW7Bp
1488048785630	geckodriver::marionette	INFO	Starting browser C:\Program Files (x86)\Mozilla Firefox\firefox.exe
1488048785636	geckodriver::marionette	INFO	Connecting to Marionette on localhost:12506
1488048786291	Marionette	INFO	Listening on port 12506
1488048894629	geckodriver	INFO	Listening on 127.0.0.1:13232
1488048896653	mozprofile::profile	INFO	Using profile path C:\Users\meteo\AppData\Local\Temp\rust_mozprofile.2jSTgjQyTt3d
1488048896657	geckodriver::marionette	INFO	Starting browser C:\Program Files (x86)\Mozilla Firefox\firefox.exe
1488048896664	geckodriver::marionette	INFO	Connecting to Marionette on localhost:13252
1488048897304	Marionette	INFO	Listening on port 13252
[Child 7252] WARNING: pipe error: 109: file c:/builds/moz2_slave/m-rel-w32-00000000000000000000/build/src/ipc/chromium/src/chrome/common/ipc_channel_win.cc, line 346
[Child 7252] WARNING: pipe error: 109: file c:/builds/moz2_slave/m-rel-w32-00000000000000000000/build/src/ipc/chromium/src/chrome/common/ipc_channel_win.cc, line 346
1488050298194	geckodriver	INFO	Listening on 127.0.0.1:7970
1488050300217	mozprofile::profile	INFO	Using profile path C:\Users\meteo\AppData\Local\Temp\rust_mozprofile.Kak94S3K582m
1488050300221	geckodriver::marionette	INFO	Starting browser C:\Program Files (x86)\Mozilla Firefox\firefox.exe
1488050300237	geckodriver::marionette	INFO	Connecting to Marionette on localhost:7988
1488050300900	Marionette	INFO	Listening on port 7988
[Child 6872] ###!!! ABORT: Aborting on channel error.: file c:/builds/moz2_slave/m-rel-w32-00000000000000000000/build/src/ipc/glue/MessageChannel.cpp, line 2056
1488053061926	geckodriver	INFO	Listening on 127.0.0.1:11035
1488053063948	mozprofile::profile	INFO	Using profile path C:\Users\meteo\AppData\Local\Temp\rust_mozprofile.HcDq8HrckAbk
1488053063956	geckodriver::marionette	INFO	Starting browser C:\Program Files (x86)\Mozilla Firefox\firefox.exe
1488053063963	geckodriver::marionette	INFO	Connecting to Marionette on localhost:11054
1488053064631	Marionette	INFO	Listening on port 11054
1488053065634	Marionette	WARN	Using deprecated data structure for setting timeouts
[Child 6804] ###!!! ABORT: Aborting on channel error.: file c:/builds/moz2_slave/m-rel-w32-00000000000000000000/build/src/ipc/glue/MessageChannel.cpp, line 2056

###!!! [Child][MessageChannel] Error: (msgtype=0x420003,name=PCompositable::Msg_Destroy) Channel error: cannot send/recv


###!!! [Child][MessageChannel] Error: (msgtype=0x1040003,name=PTexture::Msg_Destroy) Channel error: cannot send/recv


###!!! [Child][MessageChannel] Error: (msgtype=0x420003,name=PCompositable::Msg_Destroy) Channel error: cannot send/recv

1488053071292	geckodriver	INFO	Listening on 127.0.0.1:11118
1488053073314	mozprofile::profile	INFO	Using profile path C:\Users\meteo\AppData\Local\Temp\rust_mozprofile.wAbRe6jpbpm7
1488053073320	geckodriver::marionette	INFO	Starting browser C:\Program Files (x86)\Mozilla Firefox\firefox.exe
1488053073328	geckodriver::marionette	INFO	Connecting to Marionette on localhost:11144
1488053073856	Marionette	INFO	Listening on port 11144
1488053074934	Marionette	WARN	Using deprecated data structure for setting timeouts
[Child 8012] ###!!! ABORT: Aborting on channel error.: file c:/builds/moz2_slave/m-rel-w32-00000000000000000000/build/src/ipc/glue/MessageChannel.cpp, line 2056
1488071751972	geckodriver	INFO	Listening on 127.0.0.1:1932
1488071753993	mozprofile::profile	INFO	Using profile path C:\Users\meteo\AppData\Local\Temp\rust_mozprofile.TUOTsNEo3DuU
1488071753998	geckodriver::marionette	INFO	Starting browser C:\Program Files (x86)\Mozilla Firefox\firefox.exe
1488071754004	geckodriver::marionette	INFO	Connecting to Marionette on localhost:1938
1488071754652	Marionette	INFO	Listening on port 1938
1488071755621	Marionette	WARN	Using deprecated data structure for setting timeouts
[Child 14676] ###!!! ABORT: Aborting on channel error.: file c:/builds/moz2_slave/m-rel-w32-00000000000000000000/build/src/ipc/glue/MessageChannel.cpp, line 2056
1488071806223	geckodriver	INFO	Listening on 127.0.0.1:1966
1488071808257	mozprofile::profile	INFO	Using profile path C:\Users\meteo\AppData\Local\Temp\rust_mozprofile.Nwf4YomSKvn0
1488071808263	geckodriver::marionette	INFO	Starting browser C:\Program Files (x86)\Mozilla Firefox\firefox.exe
1488071808269	geckodriver::marionette	INFO	Connecting to Marionette on localhost:1973
1488071808888	Marionette	INFO	Listening on port 1973
1488071809905	Marionette	WARN	Using deprecated data structure for setting timeouts
[Child 7184] ###!!! ABORT: Aborting on channel error.: file c:/builds/moz2_slave/m-rel-w32-00000000000000000000/build/src/ipc/glue/MessageChannel.cpp, line 2056
